<?xml version="1.0" encoding="UTF-8"?>
<robot generator="Robot 3.1.2 (Python 3.8.0 on win32)" generated="20200225 20:41:24.432" rpa="false">
<suite id="s1" name="Login" source="C:\Users\HP\Riveda-workspace\RobotProject\LoginTest\Login.robot">
<kw name="Log" library="BuiltIn" type="setup">
<doc>Logs the given message with the given level.</doc>
<arguments>
<arg>I am in Test Suite Setup</arg>
</arguments>
<msg timestamp="20200225 20:41:24.636" level="INFO">I am in Test Suite Setup</msg>
<status status="PASS" starttime="20200225 20:41:24.636" endtime="20200225 20:41:24.636"></status>
</kw>
<test id="s1-t1" name="ETutorBoard">
<kw name="Log" library="BuiltIn" type="setup">
<doc>Logs the given message with the given level.</doc>
<arguments>
<arg>I am in Test Setup</arg>
</arguments>
<msg timestamp="20200225 20:41:24.637" level="INFO">I am in Test Setup</msg>
<status status="PASS" starttime="20200225 20:41:24.637" endtime="20200225 20:41:24.637"></status>
</kw>
<kw name="Log" library="BuiltIn">
<doc>Logs the given message with the given level.</doc>
<arguments>
<arg>Hello World</arg>
</arguments>
<msg timestamp="20200225 20:41:24.638" level="INFO">Hello World</msg>
<status status="PASS" starttime="20200225 20:41:24.638" endtime="20200225 20:41:24.638"></status>
</kw>
<kw name="Log" library="BuiltIn" type="teardown">
<doc>Logs the given message with the given level.</doc>
<arguments>
<arg>I am in Test Teardown</arg>
</arguments>
<msg timestamp="20200225 20:41:24.639" level="INFO">I am in Test Teardown</msg>
<status status="PASS" starttime="20200225 20:41:24.638" endtime="20200225 20:41:24.639"></status>
</kw>
<tags>
<tag>Smoke</tag>
</tags>
<status status="PASS" starttime="20200225 20:41:24.636" endtime="20200225 20:41:24.640" critical="yes"></status>
</test>
<test id="s1-t2" name="FirstSeleniumTest">
<kw name="Log" library="BuiltIn" type="setup">
<doc>Logs the given message with the given level.</doc>
<arguments>
<arg>I am in Test Setup</arg>
</arguments>
<msg timestamp="20200225 20:41:24.647" level="INFO">I am in Test Setup</msg>
<status status="PASS" starttime="20200225 20:41:24.646" endtime="20200225 20:41:24.647"></status>
</kw>
<kw name="Log" library="BuiltIn">
<doc>Logs the given message with the given level.</doc>
<arguments>
<arg>Login Test Started</arg>
</arguments>
<msg timestamp="20200225 20:41:24.648" level="INFO">Login Test Started</msg>
<status status="PASS" starttime="20200225 20:41:24.648" endtime="20200225 20:41:24.649"></status>
</kw>
<kw name="Open Browser" library="SeleniumLibrary">
<doc>Opens a new browser instance to the optional ``url``.</doc>
<arguments>
<arg>${URL}</arg>
<arg>chrome</arg>
</arguments>
<msg timestamp="20200225 20:41:24.650" level="INFO">Opening browser 'chrome' to base url 'https://www.etutorboard.com/'.</msg>
<status status="PASS" starttime="20200225 20:41:24.650" endtime="20200225 20:41:33.602"></status>
</kw>
<kw name="Set Browser Implicit Wait" library="SeleniumLibrary">
<doc>Sets the implicit wait value used by Selenium.</doc>
<arguments>
<arg>5</arg>
</arguments>
<status status="PASS" starttime="20200225 20:41:33.603" endtime="20200225 20:41:33.604"></status>
</kw>
<kw name="Click Link" library="SeleniumLibrary">
<doc>Clicks a link identified by ``locator``.</doc>
<arguments>
<arg>Login</arg>
</arguments>
<msg timestamp="20200225 20:41:33.604" level="INFO">Clicking link 'Login'.</msg>
<status status="PASS" starttime="20200225 20:41:33.604" endtime="20200225 20:41:33.824"></status>
</kw>
<kw name="LoginAction">
<kw name="Input Text" library="SeleniumLibrary">
<doc>Types the given ``text`` into the text field identified by ``locator``.</doc>
<arguments>
<arg>id=signinemail</arg>
<arg>@{CREDENTIALS}[0]</arg>
</arguments>
<msg timestamp="20200225 20:41:33.827" level="INFO">Typing text 'ramganesh@yahoo.com' into text field 'id=signinemail'.</msg>
<status status="PASS" starttime="20200225 20:41:33.826" endtime="20200225 20:41:34.021"></status>
</kw>
<kw name="Input Text" library="SeleniumLibrary">
<doc>Types the given ``text`` into the text field identified by ``locator``.</doc>
<arguments>
<arg>id=Password</arg>
<arg>&amp;{LOGIN_DATA}[password]</arg>
</arguments>
<msg timestamp="20200225 20:41:34.021" level="INFO">Typing text 'Hrithik$1' into text field 'id=Password'.</msg>
<status status="PASS" starttime="20200225 20:41:34.021" endtime="20200225 20:41:34.152"></status>
</kw>
<kw name="Click Button" library="SeleniumLibrary">
<doc>Clicks the button identified by ``locator``.</doc>
<arguments>
<arg>css=.color-1:nth-child(1)</arg>
</arguments>
<msg timestamp="20200225 20:41:34.152" level="INFO">Clicking button 'css=.color-1:nth-child(1)'.</msg>
<status status="PASS" starttime="20200225 20:41:34.152" endtime="20200225 20:41:34.330"></status>
</kw>
<status status="PASS" starttime="20200225 20:41:33.826" endtime="20200225 20:41:34.331"></status>
</kw>
<kw name="Sleep" library="BuiltIn">
<doc>Pauses the test executed for the given time.</doc>
<arguments>
<arg>5</arg>
</arguments>
<msg timestamp="20200225 20:41:39.332" level="INFO">Slept 5 seconds</msg>
<status status="PASS" starttime="20200225 20:41:34.332" endtime="20200225 20:41:39.332"></status>
</kw>
<kw name="Close Browser" library="SeleniumLibrary">
<doc>Closes the current browser.</doc>
<status status="PASS" starttime="20200225 20:41:39.333" endtime="20200225 20:41:41.567"></status>
</kw>
<kw name="Log" library="BuiltIn">
<doc>Logs the given message with the given level.</doc>
<arguments>
<arg>Login Test Completed</arg>
</arguments>
<msg timestamp="20200225 20:41:41.568" level="INFO">Login Test Completed</msg>
<status status="PASS" starttime="20200225 20:41:41.568" endtime="20200225 20:41:41.569"></status>
</kw>
<kw name="Log" library="BuiltIn">
<doc>Logs the given message with the given level.</doc>
<arguments>
<arg>This test was executed by %{username} on %{os}</arg>
</arguments>
<msg timestamp="20200225 20:41:41.570" level="INFO">This test was executed by HP on Windows_NT</msg>
<status status="PASS" starttime="20200225 20:41:41.570" endtime="20200225 20:41:41.570"></status>
</kw>
<kw name="Log" library="BuiltIn" type="teardown">
<doc>Logs the given message with the given level.</doc>
<arguments>
<arg>I am in Test Teardown</arg>
</arguments>
<msg timestamp="20200225 20:41:41.571" level="INFO">I am in Test Teardown</msg>
<status status="PASS" starttime="20200225 20:41:41.571" endtime="20200225 20:41:41.571"></status>
</kw>
<tags>
<tag>All</tag>
</tags>
<status status="PASS" starttime="20200225 20:41:24.641" endtime="20200225 20:41:41.572" critical="yes"></status>
</test>
<kw name="Log" library="BuiltIn" type="teardown">
<doc>Logs the given message with the given level.</doc>
<arguments>
<arg>I am in Test Suite Teardown</arg>
</arguments>
<msg timestamp="20200225 20:41:41.578" level="INFO">I am in Test Suite Teardown</msg>
<status status="PASS" starttime="20200225 20:41:41.577" endtime="20200225 20:41:41.578"></status>
</kw>
<status status="PASS" starttime="20200225 20:41:24.434" endtime="20200225 20:41:41.578"></status>
</suite>
<statistics>
<total>
<stat pass="2" fail="0">Critical Tests</stat>
<stat pass="2" fail="0">All Tests</stat>
</total>
<tag>
<stat pass="1" fail="0">All</stat>
<stat pass="1" fail="0">Smoke</stat>
</tag>
<suite>
<stat pass="2" fail="0" id="s1" name="Login">Login</stat>
</suite>
</statistics>
<errors>
</errors>
</robot>
